<?xml version="1.0" encoding="UTF-8"?>
<!-- Generated by org.testng.reporters.JUnitReportReporter -->
<testsuite hostname="Development" failures="0" tests="1" name="testCases.TestCaseExecution" time="89.239" errors="0" timestamp="05 Mar 2020 12:12:05 GMT" skipped="0">
  <testcase classname="testCases.TestCaseExecution" name="Test_Execution" time="89.239"/>
</testsuite> <!-- testCases.TestCaseExecution -->
