<?xml version="1.0" encoding="UTF-8"?>
<!-- Generated by org.testng.reporters.JUnitReportReporter -->
<testsuite hostname="Development" failures="0" tests="1" name="com.TestCases.TestCaseONE" time="0.009" errors="0" timestamp="03 Mar 2020 10:03:46 GMT" skipped="0">
  <testcase classname="com.TestCases.TestCaseONE" name="teaeast" time="0.009"/>
</testsuite> <!-- com.TestCases.TestCaseONE -->
