<?xml version="1.0" encoding="UTF-8"?>
<!-- Generated by org.testng.reporters.JUnitReportReporter -->
<testsuite hostname="Development" failures="0" tests="1" name="testCases.SignUp" time="28.500" errors="0" timestamp="04 Mar 2020 04:45:20 GMT" skipped="0">
  <testcase classname="testCases.SignUp" name="Test_Execution" time="28.500"/>
</testsuite> <!-- testCases.SignUp -->
